<?xml version="1.0" encoding="UTF-8"?>
<testng-results ignored="0" total="4" passed="4" failed="0" skipped="0">
  <reporter-output>
  </reporter-output>
  <suite started-at="2023-08-28T14:24:33 CDT" name="Default suite" finished-at="2023-08-28T14:24:35 CDT" duration-ms="2095">
    <groups>
    </groups>
    <test started-at="2023-08-28T14:24:33 CDT" name="Default test" finished-at="2023-08-28T14:24:35 CDT" duration-ms="2095">
      <class name="testcase.StatusCodeTest">
        <test-method signature="Status200Test()[pri:0, instance:testcase.StatusCodeTest@597f48df]" started-at="2023-08-28T14:24:33 CDT" name="Status200Test" finished-at="2023-08-28T14:24:34 CDT" duration-ms="1056" status="PASS">
          <reporter-output>
          </reporter-output>
        </test-method> <!-- Status200Test -->
        <test-method signature="Status301Test()[pri:0, instance:testcase.StatusCodeTest@597f48df]" started-at="2023-08-28T14:24:34 CDT" name="Status301Test" finished-at="2023-08-28T14:24:34 CDT" duration-ms="286" status="PASS">
          <reporter-output>
          </reporter-output>
        </test-method> <!-- Status301Test -->
        <test-method signature="Status404Test()[pri:0, instance:testcase.StatusCodeTest@597f48df]" started-at="2023-08-28T14:24:34 CDT" name="Status404Test" finished-at="2023-08-28T14:24:34 CDT" duration-ms="325" status="PASS">
          <reporter-output>
          </reporter-output>
        </test-method> <!-- Status404Test -->
        <test-method signature="Status500Test()[pri:0, instance:testcase.StatusCodeTest@597f48df]" started-at="2023-08-28T14:24:34 CDT" name="Status500Test" finished-at="2023-08-28T14:24:35 CDT" duration-ms="306" status="PASS">
          <reporter-output>
          </reporter-output>
        </test-method> <!-- Status500Test -->
        <test-method is-config="true" signature="closeBrowser()[pri:0, instance:testcase.StatusCodeTest@597f48df]" started-at="2023-08-28T14:24:35 CDT" name="closeBrowser" finished-at="2023-08-28T14:24:35 CDT" duration-ms="94" status="PASS">
          <reporter-output>
          </reporter-output>
        </test-method> <!-- closeBrowser -->
      </class> <!-- testcase.StatusCodeTest -->
    </test> <!-- Default test -->
  </suite> <!-- Default suite -->
</testng-results>
